{"timestamp": "2026-07-21T23:05:09.923600+00:00", "request_id": "e1c37052-009c-44ed-a788-90828762a1f3", "customer_id": "1", "prediction": "Yes", "churn_probability": 0.5543609977531365, "confidence": 0.10872199550627304, "latency_ms": 39.4, "model_version": "1.0.0"}
{"timestamp": "2026-07-21T23:05:09.923600+00:00", "request_id": "e1c37052-009c-44ed-a788-90828762a1f3", "customer_id": "1", "prediction": "Yes", "churn_probability": 0.5543609977531365, "confidence": 0.10872199550627304, "latency_ms": 39.4, "model_version": "1.0.0"}
{"timestamp": "2026-07-21T23:05:42.386571+00:00", "request_id": "ef52d70a-177a-4662-b5bb-f3263db84e8e", "customer_id": "8", "prediction": "Yes", "churn_probability": 0.5543609977531365, "confidence": 0.10872199550627304, "latency_ms": 20.02, "model_version": "1.0.0"}
{"timestamp": "2026-07-21T23:05:42.386571+00:00", "request_id": "ef52d70a-177a-4662-b5bb-f3263db84e8e", "customer_id": "8", "prediction": "Yes", "churn_probability": 0.5543609977531365, "confidence": 0.10872199550627304, "latency_ms": 20.02, "model_version": "1.0.0"}
{"timestamp": "2026-07-21T23:08:27.813343+00:00", "request_id": "f3201753-beeb-4031-8124-ce8e17b6db86", "customer_id": "8", "prediction": "Yes", "churn_probability": 0.5543609977531365, "confidence": 0.10872199550627304, "latency_ms": 20.83, "model_version": "1.0.0"}
{"timestamp": "2026-07-21T23:08:27.813343+00:00", "request_id": "f3201753-beeb-4031-8124-ce8e17b6db86", "customer_id": "8", "prediction": "Yes", "churn_probability": 0.5543609977531365, "confidence": 0.10872199550627304, "latency_ms": 20.83, "model_version": "1.0.0"}
{"timestamp": "2026-07-21T23:11:11.398629+00:00", "request_id": "8480c20f-9f20-4f18-90cd-10fefa4a5752", "customer_id": "8", "prediction": "Yes", "churn_probability": 0.5540352997603304, "confidence": 0.10807059952066078, "latency_ms": 21.13, "model_version": "1.0.0"}
{"timestamp": "2026-07-21T23:11:11.398629+00:00", "request_id": "8480c20f-9f20-4f18-90cd-10fefa4a5752", "customer_id": "8", "prediction": "Yes", "churn_probability": 0.5540352997603304, "confidence": 0.10807059952066078, "latency_ms": 21.13, "model_version": "1.0.0"}
{"timestamp": "2026-07-21T23:14:16.924149+00:00", "request_id": "41a62a7b-c79b-447f-9061-9898a703b3c3", "customer_id": "8", "prediction": "Yes", "churn_probability": 0.5829631650317711, "confidence": 0.1659263300635423, "latency_ms": 23.47, "model_version": "1.0.0"}
{"timestamp": "2026-07-21T23:14:16.924149+00:00", "request_id": "41a62a7b-c79b-447f-9061-9898a703b3c3", "customer_id": "8", "prediction": "Yes", "churn_probability": 0.5829631650317711, "confidence": 0.1659263300635423, "latency_ms": 23.47, "model_version": "1.0.0"}
{"timestamp": "2026-07-21T23:22:33.789046+00:00", "request_id": "288185d0-ef84-4898-b2c9-889aa83cf099", "customer_id": "8", "prediction": "Yes", "churn_probability": 0.5442009954031447, "confidence": 0.08840199080628941, "latency_ms": 40.62, "model_version": "1.0.0"}
{"timestamp": "2026-07-21T23:22:33.789046+00:00", "request_id": "288185d0-ef84-4898-b2c9-889aa83cf099", "customer_id": "8", "prediction": "Yes", "churn_probability": 0.5442009954031447, "confidence": 0.08840199080628941, "latency_ms": 40.62, "model_version": "1.0.0"}
{"timestamp": "2026-07-21T23:22:52.784628+00:00", "request_id": "871ffe90-00db-4e87-a9ab-e8d8f42deac2", "customer_id": "8", "prediction": "No", "churn_probability": 0.3971105690097193, "confidence": 0.2057788619805614, "latency_ms": 37.15, "model_version": "1.0.0"}
{"timestamp": "2026-07-21T23:22:52.784628+00:00", "request_id": "871ffe90-00db-4e87-a9ab-e8d8f42deac2", "customer_id": "8", "prediction": "No", "churn_probability": 0.3971105690097193, "confidence": 0.2057788619805614, "latency_ms": 37.15, "model_version": "1.0.0"}
{"timestamp": "2026-07-21T23:34:55.621154+00:00", "request_id": "29c33e81-6d0a-4fa5-90b2-acc17affa882", "customer_id": "12", "prediction": "No", "churn_probability": 0.3803635623135069, "confidence": 0.23927287537298625, "latency_ms": 76.83, "model_version": "1.0.0"}
{"timestamp": "2026-07-21T23:34:55.621154+00:00", "request_id": "29c33e81-6d0a-4fa5-90b2-acc17affa882", "customer_id": "12", "prediction": "No", "churn_probability": 0.3803635623135069, "confidence": 0.23927287537298625, "latency_ms": 76.83, "model_version": "1.0.0"}
{"timestamp": "2026-07-21T23:39:42.068955+00:00", "request_id": "746c00cd-23f1-4824-9acc-bc044bee7444", "customer_id": "12", "prediction": "Yes", "churn_probability": 0.72193687895786, "confidence": 0.4438737579157199, "latency_ms": 35.14, "model_version": "1.0.0"}
{"timestamp": "2026-07-21T23:39:42.068955+00:00", "request_id": "746c00cd-23f1-4824-9acc-bc044bee7444", "customer_id": "12", "prediction": "Yes", "churn_probability": 0.72193687895786, "confidence": 0.4438737579157199, "latency_ms": 35.14, "model_version": "1.0.0"}
{"timestamp": "2026-07-21T23:40:03.840076+00:00", "request_id": "0813dc15-127c-4d88-ad1f-e6e989669bd9", "customer_id": "11", "prediction": "Yes", "churn_probability": 0.72193687895786, "confidence": 0.4438737579157199, "latency_ms": 40.36, "model_version": "1.0.0"}
{"timestamp": "2026-07-21T23:40:03.840076+00:00", "request_id": "0813dc15-127c-4d88-ad1f-e6e989669bd9", "customer_id": "11", "prediction": "Yes", "churn_probability": 0.72193687895786, "confidence": 0.4438737579157199, "latency_ms": 40.36, "model_version": "1.0.0"}
{"timestamp": "2026-07-21T23:41:48.770384+00:00", "request_id": "322db79a-d469-4083-8c8f-125115cddd13", "customer_id": "18", "prediction": "Yes", "churn_probability": 0.5946417454899684, "confidence": 0.1892834909799368, "latency_ms": 40.75, "model_version": "1.0.0"}
{"timestamp": "2026-07-21T23:41:48.770384+00:00", "request_id": "322db79a-d469-4083-8c8f-125115cddd13", "customer_id": "18", "prediction": "Yes", "churn_probability": 0.5946417454899684, "confidence": 0.1892834909799368, "latency_ms": 40.75, "model_version": "1.0.0"}
{"timestamp": "2026-07-21T23:42:05.982275+00:00", "request_id": "74b8a7d9-3f13-44ea-918c-8b4b77963910", "customer_id": "19", "prediction": "Yes", "churn_probability": 0.5946417454899684, "confidence": 0.1892834909799368, "latency_ms": 48.04, "model_version": "1.0.0"}
{"timestamp": "2026-07-21T23:42:05.982275+00:00", "request_id": "74b8a7d9-3f13-44ea-918c-8b4b77963910", "customer_id": "19", "prediction": "Yes", "churn_probability": 0.5946417454899684, "confidence": 0.1892834909799368, "latency_ms": 48.04, "model_version": "1.0.0"}
{"timestamp": "2026-07-22T00:04:07.256141+00:00", "request_id": "84b28c7d-7e0a-4b10-b897-4c1baae16d12", "customer_id": "20", "prediction": "Yes", "churn_probability": 0.7007067509438499, "confidence": 0.40141350188769986, "latency_ms": 79.95, "model_version": "1.0.0"}
{"timestamp": "2026-07-22T00:04:07.256141+00:00", "request_id": "84b28c7d-7e0a-4b10-b897-4c1baae16d12", "customer_id": "20", "prediction": "Yes", "churn_probability": 0.7007067509438499, "confidence": 0.40141350188769986, "latency_ms": 79.95, "model_version": "1.0.0"}
{"timestamp": "2026-07-22T00:04:32.194722+00:00", "request_id": "a634bf55-4fa9-4e35-a406-28187cb4a9b1", "customer_id": "20", "prediction": "Yes", "churn_probability": 0.7007067509438499, "confidence": 0.40141350188769986, "latency_ms": 36.07, "model_version": "1.0.0"}
{"timestamp": "2026-07-22T00:04:32.194722+00:00", "request_id": "a634bf55-4fa9-4e35-a406-28187cb4a9b1", "customer_id": "20", "prediction": "Yes", "churn_probability": 0.7007067509438499, "confidence": 0.40141350188769986, "latency_ms": 36.07, "model_version": "1.0.0"}
{"timestamp": "2026-07-22T00:04:43.604571+00:00", "request_id": "34733c8c-7b94-48b9-9397-ece58e83eb89", "customer_id": "20", "prediction": "No", "churn_probability": 0.4459899704352075, "confidence": 0.10802005912958501, "latency_ms": 46.38, "model_version": "1.0.0"}
{"timestamp": "2026-07-22T00:04:43.604571+00:00", "request_id": "34733c8c-7b94-48b9-9397-ece58e83eb89", "customer_id": "20", "prediction": "No", "churn_probability": 0.4459899704352075, "confidence": 0.10802005912958501, "latency_ms": 46.38, "model_version": "1.0.0"}
{"timestamp": "2026-07-22T00:06:40.578619+00:00", "request_id": "fe2ae591-a5e8-45ea-afa8-ba866513ba34", "customer_id": "11", "prediction": "Yes", "churn_probability": 0.72193687895786, "confidence": 0.4438737579157199, "latency_ms": 46.95, "model_version": "1.0.0"}
{"timestamp": "2026-07-22T00:06:40.578619+00:00", "request_id": "fe2ae591-a5e8-45ea-afa8-ba866513ba34", "customer_id": "11", "prediction": "Yes", "churn_probability": 0.72193687895786, "confidence": 0.4438737579157199, "latency_ms": 46.95, "model_version": "1.0.0"}
{"timestamp": "2026-07-22T00:06:53.069090+00:00", "request_id": "7f071adc-ff67-4778-89f5-deed81bf3952", "customer_id": "11", "prediction": "Yes", "churn_probability": 0.72193687895786, "confidence": 0.4438737579157199, "latency_ms": 46.57, "model_version": "1.0.0"}
{"timestamp": "2026-07-22T00:06:53.069090+00:00", "request_id": "7f071adc-ff67-4778-89f5-deed81bf3952", "customer_id": "11", "prediction": "Yes", "churn_probability": 0.72193687895786, "confidence": 0.4438737579157199, "latency_ms": 46.57, "model_version": "1.0.0"}
{"timestamp": "2026-07-22T00:07:16.984544+00:00", "request_id": "5e2821d7-951a-4171-af82-70910c5d4cdb", "customer_id": "11", "prediction": "Yes", "churn_probability": 0.6594514749983474, "confidence": 0.3189029499966949, "latency_ms": 47.21, "model_version": "1.0.0"}
{"timestamp": "2026-07-22T00:07:16.984544+00:00", "request_id": "5e2821d7-951a-4171-af82-70910c5d4cdb", "customer_id": "11", "prediction": "Yes", "churn_probability": 0.6594514749983474, "confidence": 0.3189029499966949, "latency_ms": 47.21, "model_version": "1.0.0"}
{"timestamp": "2026-07-22T00:07:23.165874+00:00", "request_id": "27762b00-8471-4f9c-b58b-3fb28a1accf6", "customer_id": "11", "prediction": "Yes", "churn_probability": 0.6594514749983474, "confidence": 0.3189029499966949, "latency_ms": 57.39, "model_version": "1.0.0"}
{"timestamp": "2026-07-22T00:07:23.165874+00:00", "request_id": "27762b00-8471-4f9c-b58b-3fb28a1accf6", "customer_id": "11", "prediction": "Yes", "churn_probability": 0.6594514749983474, "confidence": 0.3189029499966949, "latency_ms": 57.39, "model_version": "1.0.0"}
{"timestamp": "2026-07-22T00:07:31.750828+00:00", "request_id": "906d46d7-b4c9-447f-bd0d-3963cca05cb2", "customer_id": "11", "prediction": "Yes", "churn_probability": 0.6594514749983474, "confidence": 0.3189029499966949, "latency_ms": 36.23, "model_version": "1.0.0"}
{"timestamp": "2026-07-22T00:07:31.750828+00:00", "request_id": "906d46d7-b4c9-447f-bd0d-3963cca05cb2", "customer_id": "11", "prediction": "Yes", "churn_probability": 0.6594514749983474, "confidence": 0.3189029499966949, "latency_ms": 36.23, "model_version": "1.0.0"}
{"timestamp": "2026-07-22T00:07:44.916179+00:00", "request_id": "7bf90564-63ee-416b-a2b1-0a802e1852b6", "customer_id": "11", "prediction": "Yes", "churn_probability": 0.6442565710854907, "confidence": 0.28851314217098145, "latency_ms": 33.81, "model_version": "1.0.0"}
{"timestamp": "2026-07-22T00:07:44.916179+00:00", "request_id": "7bf90564-63ee-416b-a2b1-0a802e1852b6", "customer_id": "11", "prediction": "Yes", "churn_probability": 0.6442565710854907, "confidence": 0.28851314217098145, "latency_ms": 33.81, "model_version": "1.0.0"}
{"timestamp": "2026-07-22T00:07:56.821433+00:00", "request_id": "d4e922ae-e2a5-454c-b85f-51323e79cfdb", "customer_id": "11", "prediction": "Yes", "churn_probability": 0.6442565710854907, "confidence": 0.28851314217098145, "latency_ms": 37.6, "model_version": "1.0.0"}
{"timestamp": "2026-07-22T00:07:56.821433+00:00", "request_id": "d4e922ae-e2a5-454c-b85f-51323e79cfdb", "customer_id": "11", "prediction": "Yes", "churn_probability": 0.6442565710854907, "confidence": 0.28851314217098145, "latency_ms": 37.6, "model_version": "1.0.0"}
{"timestamp": "2026-07-22T00:08:06.281466+00:00", "request_id": "0a9854fc-091f-4686-b4cb-091a6317d95f", "customer_id": "11", "prediction": "Yes", "churn_probability": 0.510944093242328, "confidence": 0.02188818648465607, "latency_ms": 46.78, "model_version": "1.0.0"}
{"timestamp": "2026-07-22T00:08:06.281466+00:00", "request_id": "0a9854fc-091f-4686-b4cb-091a6317d95f", "customer_id": "11", "prediction": "Yes", "churn_probability": 0.510944093242328, "confidence": 0.02188818648465607, "latency_ms": 46.78, "model_version": "1.0.0"}
{"timestamp": "2026-07-22T00:08:19.574187+00:00", "request_id": "e96af284-af6f-47f4-89c2-6400a4b61569", "customer_id": "11", "prediction": "Yes", "churn_probability": 0.510944093242328, "confidence": 0.02188818648465607, "latency_ms": 46.6, "model_version": "1.0.0"}
{"timestamp": "2026-07-22T00:08:19.574187+00:00", "request_id": "e96af284-af6f-47f4-89c2-6400a4b61569", "customer_id": "11", "prediction": "Yes", "churn_probability": 0.510944093242328, "confidence": 0.02188818648465607, "latency_ms": 46.6, "model_version": "1.0.0"}
{"timestamp": "2026-07-22T00:08:26.380498+00:00", "request_id": "f2f35c5c-927f-4d57-8c99-4c5ca0ad71c6", "customer_id": "11", "prediction": "Yes", "churn_probability": 0.510944093242328, "confidence": 0.02188818648465607, "latency_ms": 38.26, "model_version": "1.0.0"}
{"timestamp": "2026-07-22T00:08:26.380498+00:00", "request_id": "f2f35c5c-927f-4d57-8c99-4c5ca0ad71c6", "customer_id": "11", "prediction": "Yes", "churn_probability": 0.510944093242328, "confidence": 0.02188818648465607, "latency_ms": 38.26, "model_version": "1.0.0"}
{"timestamp": "2026-07-22T00:08:44.780385+00:00", "request_id": "a08a7b00-f36f-43d9-9764-fd78a8c83a95", "customer_id": "11", "prediction": "Yes", "churn_probability": 0.5344921548386593, "confidence": 0.06898430967731861, "latency_ms": 42.36, "model_version": "1.0.0"}
{"timestamp": "2026-07-22T00:08:44.780385+00:00", "request_id": "a08a7b00-f36f-43d9-9764-fd78a8c83a95", "customer_id": "11", "prediction": "Yes", "churn_probability": 0.5344921548386593, "confidence": 0.06898430967731861, "latency_ms": 42.36, "model_version": "1.0.0"}
{"timestamp": "2026-07-22T00:09:08.434976+00:00", "request_id": "85775fb6-7ed1-47ce-9e1b-df856cb9ff23", "customer_id": "11", "prediction": "Yes", "churn_probability": 0.5344921548386593, "confidence": 0.06898430967731861, "latency_ms": 39.14, "model_version": "1.0.0"}
{"timestamp": "2026-07-22T00:09:08.434976+00:00", "request_id": "85775fb6-7ed1-47ce-9e1b-df856cb9ff23", "customer_id": "11", "prediction": "Yes", "churn_probability": 0.5344921548386593, "confidence": 0.06898430967731861, "latency_ms": 39.14, "model_version": "1.0.0"}
{"timestamp": "2026-07-22T00:11:13.236209+00:00", "request_id": "802dd070-5994-484f-bdf4-bf531fb6c3e6", "customer_id": "100", "prediction": "No", "churn_probability": 0.45825547639736747, "confidence": 0.08348904720526507, "latency_ms": 45.41, "model_version": "1.0.0"}
{"timestamp": "2026-07-22T00:11:13.236209+00:00", "request_id": "802dd070-5994-484f-bdf4-bf531fb6c3e6", "customer_id": "100", "prediction": "No", "churn_probability": 0.45825547639736747, "confidence": 0.08348904720526507, "latency_ms": 45.41, "model_version": "1.0.0"}
{"timestamp": "2026-07-22T00:11:28.889525+00:00", "request_id": "abb43707-39ac-4278-bc6b-270c7cc6d706", "customer_id": "100", "prediction": "No", "churn_probability": 0.45825547639736747, "confidence": 0.08348904720526507, "latency_ms": 41.57, "model_version": "1.0.0"}
{"timestamp": "2026-07-22T00:11:28.889525+00:00", "request_id": "abb43707-39ac-4278-bc6b-270c7cc6d706", "customer_id": "100", "prediction": "No", "churn_probability": 0.45825547639736747, "confidence": 0.08348904720526507, "latency_ms": 41.57, "model_version": "1.0.0"}
{"timestamp": "2026-07-22T00:11:39.276462+00:00", "request_id": "43cfca71-a8aa-4d2b-ace7-c7c68f8de4dd", "customer_id": "100", "prediction": "No", "churn_probability": 0.4501341707472804, "confidence": 0.09973165850543919, "latency_ms": 37.07, "model_version": "1.0.0"}
{"timestamp": "2026-07-22T00:11:39.276462+00:00", "request_id": "43cfca71-a8aa-4d2b-ace7-c7c68f8de4dd", "customer_id": "100", "prediction": "No", "churn_probability": 0.4501341707472804, "confidence": 0.09973165850543919, "latency_ms": 37.07, "model_version": "1.0.0"}
{"timestamp": "2026-07-22T00:19:29.933289+00:00", "request_id": "0480c3b5-5160-4431-8cba-a06fcfb27a64", "customer_id": "1", "prediction": "Yes", "churn_probability": 0.6581513201124497, "confidence": 0.3163026402248994, "latency_ms": 62.87, "model_version": "1.0.0"}
{"timestamp": "2026-07-22T00:19:29.933289+00:00", "request_id": "0480c3b5-5160-4431-8cba-a06fcfb27a64", "customer_id": "1", "prediction": "Yes", "churn_probability": 0.6581513201124497, "confidence": 0.3163026402248994, "latency_ms": 62.87, "model_version": "1.0.0"}
{"timestamp": "2026-07-22T00:20:55.416899+00:00", "request_id": "307779cc-2019-4d2f-82de-202c559ebfb8", "customer_id": "1", "prediction": "No", "churn_probability": 0.4618922586274308, "confidence": 0.07621548274513845, "latency_ms": 45.87, "model_version": "1.0.0"}
{"timestamp": "2026-07-22T00:20:55.416899+00:00", "request_id": "307779cc-2019-4d2f-82de-202c559ebfb8", "customer_id": "1", "prediction": "No", "churn_probability": 0.4618922586274308, "confidence": 0.07621548274513845, "latency_ms": 45.87, "model_version": "1.0.0"}
{"timestamp": "2026-07-22T00:22:23.220611+00:00", "request_id": "d594e922-a234-4b7f-b072-e48f1249e84f", "customer_id": "2", "prediction": "Yes", "churn_probability": 0.5512389885296262, "confidence": 0.10247797705925232, "latency_ms": 45.87, "model_version": "1.0.0"}
{"timestamp": "2026-07-22T00:22:23.220611+00:00", "request_id": "d594e922-a234-4b7f-b072-e48f1249e84f", "customer_id": "2", "prediction": "Yes", "churn_probability": 0.5512389885296262, "confidence": 0.10247797705925232, "latency_ms": 45.87, "model_version": "1.0.0"}
{"timestamp": "2026-07-22T00:22:50.843280+00:00", "request_id": "535e0bd1-8785-41f5-910a-f331cc5f7411", "customer_id": "2", "prediction": "Yes", "churn_probability": 0.5223974092414966, "confidence": 0.04479481848299316, "latency_ms": 38.78, "model_version": "1.0.0"}
{"timestamp": "2026-07-22T00:22:50.843280+00:00", "request_id": "535e0bd1-8785-41f5-910a-f331cc5f7411", "customer_id": "2", "prediction": "Yes", "churn_probability": 0.5223974092414966, "confidence": 0.04479481848299316, "latency_ms": 38.78, "model_version": "1.0.0"}
{"timestamp": "2026-07-22T00:24:26.078824+00:00", "request_id": "0900522c-35be-4a0d-996e-126250e71bf9", "customer_id": "3", "prediction": "No", "churn_probability": 0.3673761639839747, "confidence": 0.2652476720320506, "latency_ms": 43.01, "model_version": "1.0.0"}
{"timestamp": "2026-07-22T00:24:26.078824+00:00", "request_id": "0900522c-35be-4a0d-996e-126250e71bf9", "customer_id": "3", "prediction": "No", "churn_probability": 0.3673761639839747, "confidence": 0.2652476720320506, "latency_ms": 43.01, "model_version": "1.0.0"}
{"timestamp": "2026-07-22T00:24:48.317986+00:00", "request_id": "a1c3d430-0280-42be-9660-004d01b77333", "customer_id": "3", "prediction": "No", "churn_probability": 0.3762310351335726, "confidence": 0.24753792973285482, "latency_ms": 35.4, "model_version": "1.0.0"}
{"timestamp": "2026-07-22T00:24:48.317986+00:00", "request_id": "a1c3d430-0280-42be-9660-004d01b77333", "customer_id": "3", "prediction": "No", "churn_probability": 0.3762310351335726, "confidence": 0.24753792973285482, "latency_ms": 35.4, "model_version": "1.0.0"}
{"timestamp": "2026-07-22T00:25:02.485934+00:00", "request_id": "22bc87dd-bcf5-4e74-96a2-2eb0ed8a380e", "customer_id": "3", "prediction": "No", "churn_probability": 0.4172647752734693, "confidence": 0.16547044945306144, "latency_ms": 50.94, "model_version": "1.0.0"}
{"timestamp": "2026-07-22T00:25:02.485934+00:00", "request_id": "22bc87dd-bcf5-4e74-96a2-2eb0ed8a380e", "customer_id": "3", "prediction": "No", "churn_probability": 0.4172647752734693, "confidence": 0.16547044945306144, "latency_ms": 50.94, "model_version": "1.0.0"}
{"timestamp": "2026-07-22T00:25:13.297332+00:00", "request_id": "d79b37bf-89a0-4ff0-8704-c7aadb25f086", "customer_id": "3", "prediction": "No", "churn_probability": 0.4172647752734693, "confidence": 0.16547044945306144, "latency_ms": 45.42, "model_version": "1.0.0"}
{"timestamp": "2026-07-22T00:25:13.297332+00:00", "request_id": "d79b37bf-89a0-4ff0-8704-c7aadb25f086", "customer_id": "3", "prediction": "No", "churn_probability": 0.4172647752734693, "confidence": 0.16547044945306144, "latency_ms": 45.42, "model_version": "1.0.0"}
{"timestamp": "2026-07-22T00:25:20.552839+00:00", "request_id": "af413d2f-b774-403b-8f36-7a3c279a92a8", "customer_id": "3", "prediction": "No", "churn_probability": 0.4172647752734693, "confidence": 0.16547044945306144, "latency_ms": 50.19, "model_version": "1.0.0"}
{"timestamp": "2026-07-22T00:25:20.552839+00:00", "request_id": "af413d2f-b774-403b-8f36-7a3c279a92a8", "customer_id": "3", "prediction": "No", "churn_probability": 0.4172647752734693, "confidence": 0.16547044945306144, "latency_ms": 50.19, "model_version": "1.0.0"}
{"timestamp": "2026-07-22T00:25:26.957611+00:00", "request_id": "f92ca922-f289-4b85-83f1-04ec724ade18", "customer_id": "3", "prediction": "No", "churn_probability": 0.4172647752734693, "confidence": 0.16547044945306144, "latency_ms": 46.76, "model_version": "1.0.0"}
{"timestamp": "2026-07-22T00:25:26.957611+00:00", "request_id": "f92ca922-f289-4b85-83f1-04ec724ade18", "customer_id": "3", "prediction": "No", "churn_probability": 0.4172647752734693, "confidence": 0.16547044945306144, "latency_ms": 46.76, "model_version": "1.0.0"}
{"timestamp": "2026-07-22T00:30:50.635347+00:00", "request_id": "4713e71b-6f31-4938-8b93-6c4b865694c7", "customer_id": "5", "prediction": "No", "churn_probability": 0.4162157709156793, "confidence": 0.1675684581686414, "latency_ms": 39.71, "model_version": "1.0.0"}
{"timestamp": "2026-07-22T00:30:50.635347+00:00", "request_id": "4713e71b-6f31-4938-8b93-6c4b865694c7", "customer_id": "5", "prediction": "No", "churn_probability": 0.4162157709156793, "confidence": 0.1675684581686414, "latency_ms": 39.71, "model_version": "1.0.0"}
{"timestamp": "2026-07-22T00:31:06.992708+00:00", "request_id": "e4600617-7201-4c35-93c6-403080433874", "customer_id": "5", "prediction": "No", "churn_probability": 0.4141387507136591, "confidence": 0.17172249857268185, "latency_ms": 41.85, "model_version": "1.0.0"}
{"timestamp": "2026-07-22T00:31:06.992708+00:00", "request_id": "e4600617-7201-4c35-93c6-403080433874", "customer_id": "5", "prediction": "No", "churn_probability": 0.4141387507136591, "confidence": 0.17172249857268185, "latency_ms": 41.85, "model_version": "1.0.0"}
{"timestamp": "2026-07-22T00:31:41.473248+00:00", "request_id": "d6f7dd11-48cc-4d1f-82c4-d87f56754369", "customer_id": "3", "prediction": "No", "churn_probability": 0.4151877550714491, "confidence": 0.16962448985710177, "latency_ms": 47.88, "model_version": "1.0.0"}
{"timestamp": "2026-07-22T00:31:41.473248+00:00", "request_id": "d6f7dd11-48cc-4d1f-82c4-d87f56754369", "customer_id": "3", "prediction": "No", "churn_probability": 0.4151877550714491, "confidence": 0.16962448985710177, "latency_ms": 47.88, "model_version": "1.0.0"}
{"timestamp": "2026-07-22T00:31:49.481079+00:00", "request_id": "71b0683b-71d6-4580-888c-04f193f53fcf", "customer_id": "3", "prediction": "No", "churn_probability": 0.4151877550714491, "confidence": 0.16962448985710177, "latency_ms": 37.1, "model_version": "1.0.0"}
{"timestamp": "2026-07-22T00:31:49.481079+00:00", "request_id": "71b0683b-71d6-4580-888c-04f193f53fcf", "customer_id": "3", "prediction": "No", "churn_probability": 0.4151877550714491, "confidence": 0.16962448985710177, "latency_ms": 37.1, "model_version": "1.0.0"}
{"timestamp": "2026-07-22T00:34:21.577907+00:00", "request_id": "0019542f-ee9f-4ef0-85a8-523868f97a11", "customer_id": "3", "prediction": "No", "churn_probability": 0.4148852906546782, "confidence": 0.17022941869064356, "latency_ms": 43.02, "model_version": "1.0.0"}
{"timestamp": "2026-07-22T00:34:21.577907+00:00", "request_id": "0019542f-ee9f-4ef0-85a8-523868f97a11", "customer_id": "3", "prediction": "No", "churn_probability": 0.4148852906546782, "confidence": 0.17022941869064356, "latency_ms": 43.02, "model_version": "1.0.0"}
{"timestamp": "2026-07-22T00:37:17.533263+00:00", "request_id": "ababca55-8bc5-45cc-9f0e-cc67b3a4676b", "customer_id": "3", "prediction": "No", "churn_probability": 0.3947709729005041, "confidence": 0.21045805419899177, "latency_ms": 36.77, "model_version": "1.0.0"}
{"timestamp": "2026-07-22T00:37:17.533263+00:00", "request_id": "ababca55-8bc5-45cc-9f0e-cc67b3a4676b", "customer_id": "3", "prediction": "No", "churn_probability": 0.3947709729005041, "confidence": 0.21045805419899177, "latency_ms": 36.77, "model_version": "1.0.0"}
{"timestamp": "2026-07-22T00:42:35.079660+00:00", "request_id": "51befc98-24d2-4893-ad06-6c1f330c8959", "customer_id": "3", "prediction": "No", "churn_probability": 0.3947709729005041, "confidence": 0.21045805419899177, "latency_ms": 67.78, "model_version": "1.0.0"}
{"timestamp": "2026-07-22T00:42:35.079660+00:00", "request_id": "51befc98-24d2-4893-ad06-6c1f330c8959", "customer_id": "3", "prediction": "No", "churn_probability": 0.3947709729005041, "confidence": 0.21045805419899177, "latency_ms": 67.78, "model_version": "1.0.0"}
{"timestamp": "2026-07-22T01:03:21.781785+00:00", "request_id": "57ec49ca-3c61-44a4-bd87-fe5796071fd0", "customer_id": "3", "prediction": "No", "churn_probability": 0.39241128939263575, "confidence": 0.2151774212147285, "latency_ms": 65.59, "model_version": "1.0.0"}
{"timestamp": "2026-07-22T01:03:21.781785+00:00", "request_id": "57ec49ca-3c61-44a4-bd87-fe5796071fd0", "customer_id": "3", "prediction": "No", "churn_probability": 0.39241128939263575, "confidence": 0.2151774212147285, "latency_ms": 65.59, "model_version": "1.0.0"}
{"timestamp": "2026-07-22T01:03:30.402845+00:00", "request_id": "8f039187-a04d-427d-a1b6-58f676934631", "customer_id": "3", "prediction": "No", "churn_probability": 0.3823260709653408, "confidence": 0.23534785806931835, "latency_ms": 48.99, "model_version": "1.0.0"}
{"timestamp": "2026-07-22T01:03:30.402845+00:00", "request_id": "8f039187-a04d-427d-a1b6-58f676934631", "customer_id": "3", "prediction": "No", "churn_probability": 0.3823260709653408, "confidence": 0.23534785806931835, "latency_ms": 48.99, "model_version": "1.0.0"}
{"timestamp": "2026-07-22T01:03:41.975043+00:00", "request_id": "f0127e09-4b79-440e-8d51-45cc24afd3b9", "customer_id": "3", "prediction": "No", "churn_probability": 0.39241128939263575, "confidence": 0.2151774212147285, "latency_ms": 48.63, "model_version": "1.0.0"}
{"timestamp": "2026-07-22T01:03:41.975043+00:00", "request_id": "f0127e09-4b79-440e-8d51-45cc24afd3b9", "customer_id": "3", "prediction": "No", "churn_probability": 0.39241128939263575, "confidence": 0.2151774212147285, "latency_ms": 48.63, "model_version": "1.0.0"}
{"timestamp": "2026-07-22T01:05:04.088536+00:00", "request_id": "161a480f-8ec1-4ea3-bad0-b739800959ed", "customer_id": "3", "prediction": "No", "churn_probability": 0.39627971044526733, "confidence": 0.20744057910946534, "latency_ms": 61.0, "model_version": "1.0.0"}
{"timestamp": "2026-07-22T01:05:04.088536+00:00", "request_id": "161a480f-8ec1-4ea3-bad0-b739800959ed", "customer_id": "3", "prediction": "No", "churn_probability": 0.39627971044526733, "confidence": 0.20744057910946534, "latency_ms": 61.0, "model_version": "1.0.0"}
{"timestamp": "2026-07-22T01:12:03.351044+00:00", "request_id": "db7027da-ce67-42e4-bb04-a93e8e9575a1", "customer_id": "6", "prediction": "No", "churn_probability": 0.4913972515843092, "confidence": 0.017205496831381617, "latency_ms": 94.22, "model_version": "1.0.0"}
{"timestamp": "2026-07-22T01:12:03.351044+00:00", "request_id": "db7027da-ce67-42e4-bb04-a93e8e9575a1", "customer_id": "6", "prediction": "No", "churn_probability": 0.4913972515843092, "confidence": 0.017205496831381617, "latency_ms": 94.22, "model_version": "1.0.0"}
{"timestamp": "2026-07-22T01:12:35.735656+00:00", "request_id": "d1b9928d-fee6-40b2-85c3-0737afb7c512", "customer_id": "5", "prediction": "No", "churn_probability": 0.41540953326580726, "confidence": 0.16918093346838547, "latency_ms": 120.07, "model_version": "1.0.0"}
{"timestamp": "2026-07-22T01:12:35.735656+00:00", "request_id": "d1b9928d-fee6-40b2-85c3-0737afb7c512", "customer_id": "5", "prediction": "No", "churn_probability": 0.41540953326580726, "confidence": 0.16918093346838547, "latency_ms": 120.07, "model_version": "1.0.0"}
{"timestamp": "2026-07-22T01:13:31.768066+00:00", "request_id": "f27ff85b-c255-4d80-86f5-2187a05eb206", "customer_id": "2", "prediction": "Yes", "churn_probability": 0.5174009581116816, "confidence": 0.03480191622336326, "latency_ms": 39.02, "model_version": "1.0.0"}
{"timestamp": "2026-07-22T01:13:31.768066+00:00", "request_id": "f27ff85b-c255-4d80-86f5-2187a05eb206", "customer_id": "2", "prediction": "Yes", "churn_probability": 0.5174009581116816, "confidence": 0.03480191622336326, "latency_ms": 39.02, "model_version": "1.0.0"}
{"timestamp": "2026-07-22T01:25:19.094706+00:00", "request_id": "6ba7e366-aefe-49f7-afbf-adf70b56e66c", "customer_id": "2", "prediction": "Yes", "churn_probability": 0.5295408897096976, "confidence": 0.059081779419395186, "latency_ms": 107.9, "model_version": "1.0.0"}
{"timestamp": "2026-07-22T01:25:19.094706+00:00", "request_id": "6ba7e366-aefe-49f7-afbf-adf70b56e66c", "customer_id": "2", "prediction": "Yes", "churn_probability": 0.5295408897096976, "confidence": 0.059081779419395186, "latency_ms": 107.9, "model_version": "1.0.0"}
{"timestamp": "2026-07-22T01:25:35.856796+00:00", "request_id": "4bf1d603-5b01-417a-b80b-0ca5172ca3b5", "customer_id": "2", "prediction": "Yes", "churn_probability": 0.5753779081555145, "confidence": 0.15075581631102897, "latency_ms": 70.29, "model_version": "1.0.0"}
{"timestamp": "2026-07-22T01:25:35.856796+00:00", "request_id": "4bf1d603-5b01-417a-b80b-0ca5172ca3b5", "customer_id": "2", "prediction": "Yes", "churn_probability": 0.5753779081555145, "confidence": 0.15075581631102897, "latency_ms": 70.29, "model_version": "1.0.0"}
{"timestamp": "2026-07-22T01:27:22.231197+00:00", "request_id": "2b4e1473-b351-4502-8c1b-7740408c0f3d", "customer_id": "4", "prediction": "No", "churn_probability": 0.4006684844545013, "confidence": 0.19866303109099737, "latency_ms": 61.85, "model_version": "1.0.0"}
{"timestamp": "2026-07-22T01:27:22.231197+00:00", "request_id": "2b4e1473-b351-4502-8c1b-7740408c0f3d", "customer_id": "4", "prediction": "No", "churn_probability": 0.4006684844545013, "confidence": 0.19866303109099737, "latency_ms": 61.85, "model_version": "1.0.0"}
{"timestamp": "2026-07-22T01:29:08.286659+00:00", "request_id": "d75ca6ef-17bd-4e41-823b-7d6513490e10", "customer_id": "4", "prediction": "No", "churn_probability": 0.4006684844545013, "confidence": 0.19866303109099737, "latency_ms": 67.29, "model_version": "1.0.0"}
{"timestamp": "2026-07-22T01:29:08.286659+00:00", "request_id": "d75ca6ef-17bd-4e41-823b-7d6513490e10", "customer_id": "4", "prediction": "No", "churn_probability": 0.4006684844545013, "confidence": 0.19866303109099737, "latency_ms": 67.29, "model_version": "1.0.0"}
{"timestamp": "2026-07-22T01:37:23.544164+00:00", "request_id": "80942121-cd87-4a9f-84a2-c3d710b7cbff", "customer_id": "7", "prediction": "No", "churn_probability": 0.4359960470313197, "confidence": 0.12800790593736056, "latency_ms": 61.08, "model_version": "1.0.0"}
{"timestamp": "2026-07-22T01:37:23.544164+00:00", "request_id": "80942121-cd87-4a9f-84a2-c3d710b7cbff", "customer_id": "7", "prediction": "No", "churn_probability": 0.4359960470313197, "confidence": 0.12800790593736056, "latency_ms": 61.08, "model_version": "1.0.0"}
{"timestamp": "2026-07-22T01:37:25.603326+00:00", "request_id": "39bef89c-3fe9-454f-97dd-8664c39f257a", "customer_id": "8", "prediction": "Yes", "churn_probability": 0.5525190645943174, "confidence": 0.10503812918863487, "latency_ms": 16.14, "model_version": "1.0.0"}
{"timestamp": "2026-07-22T01:37:25.603326+00:00", "request_id": "39bef89c-3fe9-454f-97dd-8664c39f257a", "customer_id": "8", "prediction": "Yes", "churn_probability": 0.5525190645943174, "confidence": 0.10503812918863487, "latency_ms": 16.14, "model_version": "1.0.0"}
{"timestamp": "2026-07-22T01:37:27.686246+00:00", "request_id": "e2de1dbe-dab8-447b-a782-9516e0e80b4b", "customer_id": "1", "prediction": "No", "churn_probability": 0.4100500607147353, "confidence": 0.17989987857052936, "latency_ms": 44.98, "model_version": "1.0.0"}
{"timestamp": "2026-07-22T01:37:27.686246+00:00", "request_id": "e2de1dbe-dab8-447b-a782-9516e0e80b4b", "customer_id": "1", "prediction": "No", "churn_probability": 0.4100500607147353, "confidence": 0.17989987857052936, "latency_ms": 44.98, "model_version": "1.0.0"}
{"timestamp": "2026-07-22T01:37:29.766305+00:00", "request_id": "52fe8433-eacc-410c-97ce-6a0ca0c3a73e", "customer_id": "10", "prediction": "No", "churn_probability": 0.442755390820957, "confidence": 0.11448921835808601, "latency_ms": 39.75, "model_version": "1.0.0"}
{"timestamp": "2026-07-22T01:37:29.766305+00:00", "request_id": "52fe8433-eacc-410c-97ce-6a0ca0c3a73e", "customer_id": "10", "prediction": "No", "churn_probability": 0.442755390820957, "confidence": 0.11448921835808601, "latency_ms": 39.75, "model_version": "1.0.0"}
{"timestamp": "2026-07-22T01:37:31.830954+00:00", "request_id": "93a05493-593c-4348-875d-69be1f224c6e", "customer_id": "9", "prediction": "Yes", "churn_probability": 0.5659408137076095, "confidence": 0.13188162741521903, "latency_ms": 27.17, "model_version": "1.0.0"}
{"timestamp": "2026-07-22T01:37:31.830954+00:00", "request_id": "93a05493-593c-4348-875d-69be1f224c6e", "customer_id": "9", "prediction": "Yes", "churn_probability": 0.5659408137076095, "confidence": 0.13188162741521903, "latency_ms": 27.17, "model_version": "1.0.0"}
{"timestamp": "2026-07-22T03:07:50.683410+00:00", "request_id": "77b46146-ec67-4785-b78b-0995246df1e0", "event": "batch", "total": 10, "returned": 10, "latency_ms": 179.1, "model_version": "1.0.0"}
{"timestamp": "2026-07-22T03:08:54.821348+00:00", "request_id": "37e5a784-d967-4c82-a017-c15915b04dc3", "event": "batch", "total": 500, "returned": 500, "latency_ms": 18932.65, "model_version": "1.0.0"}
{"timestamp": "2026-07-22T03:09:15.844997+00:00", "request_id": "205bbaef-d5bc-48fe-9994-4954ac34007d", "event": "batch", "total": 500, "returned": 500, "latency_ms": 19641.34, "model_version": "1.0.0"}
{"timestamp": "2026-07-22T03:09:37.535668+00:00", "request_id": "040ecf41-6c4b-4a82-a29f-36fcf21dcfa3", "event": "batch", "total": 500, "returned": 500, "latency_ms": 19541.63, "model_version": "1.0.0"}
{"timestamp": "2026-07-22T03:09:59.122314+00:00", "request_id": "c1af7b0f-b336-48a3-8351-1cfc90a5974f", "event": "batch", "total": 500, "returned": 500, "latency_ms": 18095.7, "model_version": "1.0.0"}
{"timestamp": "2026-07-22T03:10:19.269140+00:00", "request_id": "b7bbeb0c-bdc0-48bd-8f56-493f81d323c6", "event": "batch", "total": 500, "returned": 500, "latency_ms": 19197.78, "model_version": "1.0.0"}
{"timestamp": "2026-07-22T03:10:40.514618+00:00", "request_id": "c3f558c7-e90f-4848-8804-cd177241b0da", "event": "batch", "total": 500, "returned": 500, "latency_ms": 19951.4, "model_version": "1.0.0"}
{"timestamp": "2026-07-22T03:11:02.520709+00:00", "request_id": "fa4ef3fa-b0df-435a-a01f-b26d1655f262", "event": "batch", "total": 500, "returned": 500, "latency_ms": 17966.46, "model_version": "1.0.0"}
{"timestamp": "2026-07-22T03:11:22.525817+00:00", "request_id": "21f21a3c-a4bb-47aa-ab49-2a91afcb2a60", "event": "batch", "total": 500, "returned": 500, "latency_ms": 17761.58, "model_version": "1.0.0"}
{"timestamp": "2026-07-22T03:11:42.338910+00:00", "request_id": "3420bae9-b442-4e09-9df7-41207b1d2b4f", "event": "batch", "total": 500, "returned": 500, "latency_ms": 5814.52, "model_version": "1.0.0"}
{"timestamp": "2026-07-22T03:11:50.195929+00:00", "request_id": "1bcad54b-a943-4ee5-af87-c80bd852d133", "event": "batch", "total": 500, "returned": 500, "latency_ms": 6490.89, "model_version": "1.0.0"}
{"timestamp": "2026-07-22T03:11:59.115166+00:00", "request_id": "c8aa4180-24fb-41a0-9c4e-23d8bc0b1a90", "event": "batch", "total": 500, "returned": 500, "latency_ms": 5674.41, "model_version": "1.0.0"}
{"timestamp": "2026-07-22T03:12:06.822364+00:00", "request_id": "7a7a29c7-8968-45d6-9735-d4220b6a324d", "event": "batch", "total": 500, "returned": 500, "latency_ms": 6426.93, "model_version": "1.0.0"}
{"timestamp": "2026-07-22T03:12:15.390381+00:00", "request_id": "4ed5128a-18a6-46f1-8c87-f4afe1e6a176", "event": "batch", "total": 500, "returned": 500, "latency_ms": 36.18, "model_version": "1.0.0"}
{"timestamp": "2026-07-22T03:12:17.457813+00:00", "request_id": "9606dee1-f0f4-4dd9-b106-7be855b863c7", "event": "batch", "total": 500, "returned": 500, "latency_ms": 21.48, "model_version": "1.0.0"}
{"timestamp": "2026-07-22T03:12:19.515860+00:00", "request_id": "2b0c4f4f-be77-40b1-afb2-0415b9348041", "event": "batch", "total": 43, "returned": 43, "latency_ms": 15.34, "model_version": "1.0.0"}
{"timestamp": "2026-07-22T03:12:30.494383+00:00", "request_id": "ac3b4491-7b89-4f1c-9493-3f6b82ad0482", "event": "batch", "total": 10, "returned": 10, "latency_ms": 74.59, "model_version": "1.0.0"}
